\BOOKMARK [0][-]{chapter.1}{\376\377\000S\000e\000t\000i\000o\000n\000\040\000A\000:\000\040\000P\000h\000y\000s\000i\000c\000s\000\040\000i\000n\000\040\000a\000\040\000g\000r\000a\000v\000i\000t\000a\000t\000i\000o\000n\000a\000l\000\040\000f\000i\000e\000l\000d\000\040\000a\000n\000d\000\040\000t\000e\000n\000s\000o\000r\000\040\000c\000a\000l\000c\000u\000l\000u\000s}{}% 1
\BOOKMARK [1][-]{section.1.1}{\376\377\000E\000E\000P\000\040\000f\000r\000o\000m\000\040\000g\000r\000a\000v\000i\000t\000y\000\040\000t\000o\000\040\000G\000e\000o\000m\000e\000t\000r\000y}{chapter.1}% 2
\BOOKMARK [2][-]{subsection.1.1.1}{\376\377\172\340\202\202\121\205\133\271\000\040\000t\000a\000k\000e\000\040\000h\000o\000m\000e\000\040\000m\000e\000s\000s\000a\000g\000e}{section.1.1}% 3
\BOOKMARK [2][-]{subsection.1.1.2}{\376\377\000Q\000u\000e\000s\000t\000i\000o\000n\000s\000\040\000a\000n\000d\000\040\000d\000i\000s\000c\000u\000s\000s\000i\000o\000n\000s}{section.1.1}% 4
\BOOKMARK [1][-]{section.1.2}{\376\377\000M\000e\000t\000r\000i\000c\000\040\000G\000e\000o\000m\000e\000t\000r\000y\000\040\000a\000n\000d\000\040\000G\000e\000o\000d\000e\000s\000i\000c}{chapter.1}% 5
\BOOKMARK [2][-]{subsection.1.2.1}{\376\377\172\340\202\202\121\205\133\271\000\040\000t\000a\000k\000e\000\040\000h\000o\000m\000e\000\040\000m\000e\000s\000s\000a\000g\000e}{section.1.2}% 6
\BOOKMARK [2][-]{subsection.1.2.2}{\376\377\000Q\000u\000e\000s\000t\000i\000o\000n\000s\000\040\000a\000n\000d\000\040\000d\000i\000s\000c\000u\000s\000s\000i\000o\000n\000s}{section.1.2}% 7
\BOOKMARK [1][-]{section.1.3}{\376\377\000G\000e\000o\000d\000e\000s\000i\000c\000\040\000a\000n\000d\000\040\000M\000o\000t\000i\000o\000n\000\040\000i\000n\000\040\000G\000r\000a\000v\000i\000t\000y}{chapter.1}% 8
\BOOKMARK [2][-]{subsection.1.3.1}{\376\377\000E\000u\000l\000e\000r\000\040\000L\000a\000g\000r\000a\000n\000g\000e\145\271\172\013\166\204\176\323\213\272}{section.1.3}% 9
\BOOKMARK [2][-]{subsection.1.3.2}{\376\377\137\025\122\233\116\055\166\204\174\222\133\120\000L\000a\000g\000r\000a\000n\000g\000i\000a\000n\377\032\133\371\171\360\140\047\116\345\123\312\133\210\140\122\221\317\122\035\143\242}{section.1.3}% 10
\BOOKMARK [2][-]{subsection.1.3.3}{\376\377\162\133\230\177\137\025\122\233\147\201\226\120}{section.1.3}% 11
\BOOKMARK [2][-]{subsection.1.3.4}{\376\377\137\025\122\233\176\242\171\373\116\345\123\312\137\025\122\233\116\113\116\013\145\340\215\050\221\317\174\222\133\120\217\320\122\250}{section.1.3}% 12
\BOOKMARK [2][-]{subsection.1.3.5}{\376\377\133\373\142\176\000L\000o\000c\000a\000l\000\040\000I\000n\000e\000r\000t\000i\000a\000l\000\040\000F\000r\000a\000m\000e}{section.1.3}% 13
\BOOKMARK [2][-]{subsection.1.3.6}{\376\377\000Q\000u\000e\000s\000t\000i\000o\000n\000s\000\040\000a\000n\000d\000\040\000d\000i\000s\000c\000u\000s\000s\000i\000o\000n\000s}{section.1.3}% 14
\BOOKMARK [1][-]{section.1.4}{\376\377\000T\000e\000n\000s\000o\000r\000\040\000A\000l\000g\000e\000b\000r\000a}{chapter.1}% 15
\BOOKMARK [2][-]{subsection.1.4.1}{\376\377\000G\000e\000n\000e\000r\000a\000l\000\040\000C\000o\000v\000a\000r\000i\000a\000n\000c\000e\123\237\164\006}{section.1.4}% 16
\BOOKMARK [2][-]{subsection.1.4.2}{\376\377\000T\000e\000n\000s\000o\000r\000s\377\032\133\236\163\260\000G\000e\000n\000e\000r\000a\000l\000\040\000C\000o\000v\000a\000r\000i\000a\000n\000c\000e\166\204\135\345\121\167}{section.1.4}% 17
\BOOKMARK [2][-]{subsection.1.4.3}{\376\377\000V\000i\000e\000r\000b\000e\000i\000n\116\345\123\312\000o\000r\000t\000h\000o\000n\000o\000r\000m\000a\000l\000\040\000f\000r\000a\000m\000e}{section.1.4}% 18
\BOOKMARK [1][-]{section.1.5}{\376\377\000T\000e\000n\000s\000o\000r\000\040\000A\000n\000a\000l\000y\000s\000i\000s\000\040\000\050\000G\000e\000n\000e\000r\000a\000l\000l\000y\000\040\000C\000o\000v\000a\000r\000i\000a\000n\000t\000\040\000D\000i\000f\000f\000e\000r\000e\000n\000t\000i\000a\000t\000i\000o\000n\000\051}{chapter.1}% 19
\BOOKMARK [2][-]{subsection.1.5.1}{\376\377\000C\000o\000v\000a\000r\000i\000a\000n\000t\000\040\000D\000e\000r\000i\000v\000a\000t\000i\000v\000e\000\040\000\050\000L\000e\000v\000i\000-\000C\000i\000v\000i\000t\000a\000\040\000C\000o\000n\000n\000e\000c\000t\000i\000o\000n\000\051\166\204\171\136\131\107\140\047\215\050}{section.1.5}% 20
\BOOKMARK [0][-]{chapter.2}{\376\377\000s\000k\000e\000t\000c\000h\000\040\000b\000o\000o\000k}{}% 21
