\BOOKMARK [0][-]{chapter.1}{\376\377\000P\000r\000o\000j\000e\000c\000t\217\333\136\246}{}% 1
\BOOKMARK [0][-]{chapter.2}{\376\377\000Q\000u\000a\000n\000t\000i\000z\000a\000t\000i\000o\000n\000\040\000o\000f\000\040\000T\000e\000i\000c\000h\000m\000u\000l\000l\000e\000r\000\040\000T\000h\000e\000o\000r\000y\000\040\000a\000n\000d\000\040\000C\000F\000T}{}% 2
\BOOKMARK [1][-]{subsection.2.0.1}{\376\377\131\202\117\125\221\317\133\120\123\026\000T\000e\000i\000c\000h\000m\000u\000l\000l\000e\000r\172\172\225\364}{chapter.2}% 3
\BOOKMARK [0][-]{chapter.3}{\376\377\000O\000n\000\040\000a\000\040\000C\000a\000n\000o\000n\000i\000c\000a\000l\000\040\000Q\000u\000a\000n\000t\000i\000z\000a\000t\000i\000o\000n\000\040\000o\000f\000\040\0003\000D\000\040\000A\000n\000t\000i\000\040\000d\000e\000\040\000S\000i\000t\000t\000e\000r\000\040\000P\000u\000r\000e\000\040\000G\000r\000a\000v\000i\000t\000y}{}% 4
\BOOKMARK [1][-]{section.3.1}{\376\377\164\006\213\272\140\073\117\123\226\110\217\360}{chapter.3}% 5
\BOOKMARK [1][-]{section.3.2}{\376\377\176\317\121\170\164\006\213\272\166\204\131\015\116\140}{chapter.3}% 6
\BOOKMARK [1][-]{section.3.3}{\376\377\000C\000S\000\040\000f\000o\000r\000m\000u\000l\000i\000s\000m}{chapter.3}% 7
\BOOKMARK [0][-]{chapter.4}{\376\377\0003\000D\000\040\000G\000r\000a\000v\000i\000t\000y\000\040\000f\000r\000o\000m\000\040\000V\000T\000Q\000F\000T}{}% 8
\BOOKMARK [1][-]{section.4.1}{\376\377\170\024\172\166\200\314\146\157}{chapter.4}% 9
\BOOKMARK [1][-]{section.4.2}{\376\377\000I\000n\000t\000r\000o\000d\000u\000c\000t\000i\000o\000n}{chapter.4}% 10
\BOOKMARK [1][-]{section.4.3}{\376\377\000A\000d\000S\0003\166\204\166\370\172\172\225\364\116\345\123\312\221\317\133\120\123\026}{chapter.4}% 11
\BOOKMARK [1][-]{section.4.4}{\376\377\000C\000o\000n\000f\000o\000r\000m\000a\000l\000\040\000B\000l\000o\000c\000k\147\204\142\020\166\204\000H\000i\000l\000b\000e\000r\000t\172\172\225\364}{chapter.4}% 12
\BOOKMARK [2][-]{subsection.4.4.1}{\376\377\000C\000o\000n\000f\000o\000r\000m\000a\000l\000\040\000B\000l\000o\000c\000k\166\204\121\205\171\357\176\323\147\204}{section.4.4}% 13
\BOOKMARK [2][-]{subsection.4.4.2}{\376\377\121\205\171\357\166\204\121\167\117\123\213\241\173\227\377\001\377\001}{section.4.4}% 14
\BOOKMARK [2][-]{subsection.4.4.3}{\376\377\000H\000i\000l\000b\000e\000r\000t\172\172\225\364\117\134\116\072\000M\000S\000\040\000G\000r\000o\000u\000p\000o\000i\000d\000\040\166\204\210\150\171\072\172\172\225\364}{section.4.4}% 15
\BOOKMARK [0][-]{chapter.5}{\376\377\000A\000d\000S\0003\000\040\000f\000r\000o\000m\000\040\000E\000n\000s\000e\000m\000b\000l\000e}{}% 16
\BOOKMARK [1][-]{section.5.1}{\376\377\000E\000n\000s\000e\000m\000b\000l\000e\000\040\000d\000e\000f\000i\000n\000i\000t\000i\000o\000n}{chapter.5}% 17
\BOOKMARK [2][-]{subsection.5.1.1}{\376\377\167\351\226\065\152\041\127\213\166\204\162\171\140\047}{section.5.1}% 18
\BOOKMARK [2][-]{subsection.5.1.2}{\376\377\000P\000o\000t\000e\000n\000t\000i\000a\000l\166\204\147\204\136\372}{section.5.1}% 19
\BOOKMARK [1][-]{section.5.2}{\376\377\126\333\160\271\000c\000r\000o\000s\000s\000i\000n\000g\000\040\000e\000q\000u\000a\000t\000i\000o\000n}{chapter.5}% 20
\BOOKMARK [0][-]{chapter.6}{\376\377\000G\000r\000a\000v\000i\000t\000y\000\040\000d\000u\000a\000l\000\040\000o\000f\000\040\000q\000u\000a\000n\000t\000u\000m\000\040\000L\000i\000o\000u\000v\000i\000l\000l\000e\000\040\000f\000r\000o\000m\000\040\000T\000N\000\040\000c\000o\000n\000s\000t\000r\000u\000c\000t\000i\000o\000n}{}% 21
\BOOKMARK [1][-]{section.6.1}{\376\377\116\073\211\201\121\205\133\271\116\313\176\315}{chapter.6}% 22
\BOOKMARK [1][-]{section.6.2}{\376\377\147\204\136\372\177\051\134\017\166\204\155\036\155\036}{chapter.6}% 23
\BOOKMARK [0][-]{chapter.7}{\376\377\167\345\213\306\210\145\121\105\377\001}{}% 24
\BOOKMARK [1][-]{section.7.1}{\376\377\000C\000l\000a\000s\000s\000i\000c\000a\000l\000\040\0003\000D\000\040\000G\000r\000a\000v\000i\000t\000y\000\040\000a\000n\000d\000\040\000C\000h\000e\000r\000n\000-\000S\000i\000m\000o\000n\000s}{chapter.7}% 25
\BOOKMARK [2][-]{subsection.7.1.1}{\376\377\000V\000i\000e\000l\000b\000e\000i\000n\000\040\000a\000n\000d\000\040\000s\000p\000i\000n\000\040\000c\000o\000n\000n\000e\000c\000t\000i\000o\000n\000\040\000F\000o\000r\000m\000a\000l\000i\000s\000m}{section.7.1}% 26
\BOOKMARK [2][-]{subsection.7.1.2}{\376\377\000E\000i\000n\000s\000t\000e\000i\000n\000\040\000H\000i\000l\000b\000e\000r\000t\000\040\000A\000c\000t\000i\000o\000n}{section.7.1}% 27
\BOOKMARK [2][-]{subsection.7.1.3}{\376\377\000C\000h\000e\000r\000n\000-\000S\000i\000m\000o\000n\000s\000\040\000T\000h\000e\000o\000r\000y}{section.7.1}% 28
\BOOKMARK [1][-]{section.7.2}{\376\377\127\372\170\100\166\204\131\015\121\340\117\125\166\204\151\202\137\365}{chapter.7}% 29
\BOOKMARK [2][-]{subsection.7.2.1}{\376\377\236\316\146\374\146\362\227\142\127\372\170\100}{section.7.2}% 30
\BOOKMARK [2][-]{subsection.7.2.2}{\376\377\236\316\146\374\146\362\227\142\166\204\155\101\137\142\176\323\147\204}{section.7.2}% 31
\BOOKMARK [2][-]{subsection.7.2.3}{\376\377\000T\000o\000r\000u\000s\116\012\227\142\166\204\000T\000e\000i\000c\000h\000m\000u\000l\000l\000e\000r\000\040\000S\000p\000a\000c\000e}{section.7.2}% 32
\BOOKMARK [2][-]{subsection.7.2.4}{\376\377\000T\000e\000i\000c\000h\000m\000u\000l\000l\000e\000r\000\040\000t\000h\000e\000o\000r\000y\166\204\127\372\147\054\133\232\116\111}{section.7.2}% 33
\BOOKMARK [2][-]{subsection.7.2.5}{\376\377\000T\000e\000i\000c\000h\000m\000u\000l\000l\000e\000r\000\040\000t\000h\000e\000o\000r\000y}{section.7.2}% 34
\BOOKMARK [1][-]{section.7.3}{\376\377\000M\000a\000t\000h\000e\000m\000a\000t\000i\000c\000a\000l\000\040\000Q\000u\000a\000n\000t\000i\000z\000a\000t\000i\000o\000n}{chapter.7}% 35
\BOOKMARK [1][-]{section.7.4}{\376\377\000Q\000u\000a\000n\000t\000i\000z\000a\000t\000i\000o\000n\000\040\000o\000f\000\040\000B\000o\000s\000o\000n\000i\000c\000\040\000S\000t\000r\000i\000n\000g}{chapter.7}% 36
\BOOKMARK [1][-]{section.7.5}{\376\377\220\037\220\032\000L\000i\000o\000u\000v\000i\000l\000l\000e\000\040\000t\000h\000e\000o\000r\000y}{chapter.7}% 37
\BOOKMARK [2][-]{subsection.7.5.1}{\376\377\000S\000p\000a\000c\000e\000l\000i\000k\000e\000\040\000L\000i\000o\000u\000v\000i\000l\000l\000e}{section.7.5}% 38
\BOOKMARK [0][-]{chapter.8}{\376\377\000S\000c\000r\000a\000t\000c\000h\000\040\000B\000o\000o\000k}{}% 39
\BOOKMARK [1][-]{subsection.8.0.1}{\376\377\000L\000o\000c\000a\000l\000\040\000L\000o\000r\000e\000n\000t\000z\000\040\000f\000r\000a\000m\000e\000\040\000f\000o\000r\000m\000u\000l\000i\000s\000m}{chapter.8}% 40
\BOOKMARK [2][-]{subsection.8.0.2}{\376\377\000C\000h\000e\000r\000n\000-\000S\000i\000m\000o\000n\000s\000\040\000A\000c\000t\000i\000o\000n}{subsection.8.0.1}% 41
