\BOOKMARK [1][-]{section.1}{\376\377\000t\000h\000e\000o\000r\000e\000t\000i\000c\000a\000l\000\040\000Q\000F\000T}{}% 1
\BOOKMARK [2][-]{subsection.1.1}{\376\377\000D\000e\000f\000i\000n\000i\000t\000i\000o\000n\000s}{section.1}% 2
\BOOKMARK [2][-]{subsection.1.2}{\376\377\000b\000o\000o\000t\000s\000t\000r\000a\000p\000\040\000m\000e\000t\000h\000o\000d}{section.1}% 3
\BOOKMARK [3][-]{subsubsection.1.2.1}{\376\377\000S\000y\000m\000m\000e\000t\000r\000y\000\040\000a\000s\000s\000u\000m\000p\000t\000i\000o\000n}{subsection.1.2}% 4
\BOOKMARK [3][-]{subsubsection.1.2.2}{\376\377\000C\000o\000n\000s\000i\000s\000t\000e\000n\000c\000y\000\040\000c\000o\000n\000d\000i\000t\000i\000o\000n}{subsection.1.2}% 5
\BOOKMARK [2][-]{subsection.1.3}{\376\377\000L\000a\000g\000r\000a\000n\000g\000i\000a\000n\000\040\000m\000e\000t\000h\000o\000d}{section.1}% 6
\BOOKMARK [1][-]{section.2}{\376\377\000h\000i\000g\000h\000l\000i\000g\000h\000t\000\040\000o\000f\000\040\000B\000a\000s\000i\000c\000\040\000C\000F\000T}{}% 7
\BOOKMARK [2][-]{subsection.2.1}{\376\377\000S\000y\000m\000m\000e\000t\000r\000y\000\040\000a\000l\000g\000e\000b\000r\000a\000\040\000o\000n\000\040\000m\000a\000n\000i\000f\000o\000l\000d}{section.2}% 8
\BOOKMARK [2][-]{subsection.2.2}{\376\377\000S\000y\000m\000m\000e\000t\000r\000y\000\040\000a\000l\000g\000e\000b\000r\000a\000\040\000o\000n\000\040\000S\000p\000e\000c\000t\000r\000u\000m}{section.2}% 9
\BOOKMARK [2][-]{subsection.2.3}{\376\377\000S\000p\000e\000c\000t\000r\000u\000m\000\040\000o\000f\000\040\000C\000F\000T}{section.2}% 10
\BOOKMARK [2][-]{subsection.2.4}{\376\377\000C\000o\000n\000f\000o\000r\000m\000a\000l\000\040\000b\000o\000o\000t\000s\000t\000r\000a\000p}{section.2}% 11
\BOOKMARK [1][-]{section.3}{\376\377\000S\000p\000e\000c\000t\000r\000u\000m\000\040\000o\000f\000\040\000C\000F\000T}{}% 12
\BOOKMARK [2][-]{subsection.3.1}{\376\377\000h\000i\000g\000h\000e\000s\000t\000-\000w\000e\000i\000g\000h\000t\000\040\000r\000e\000p\000r\000e\000s\000e\000n\000t\000a\000t\000i\000o\000n}{section.3}% 13
\BOOKMARK [2][-]{subsection.3.2}{\376\377\000V\000e\000r\000m\000a\000\040\000m\000o\000d\000u\000l\000e\000s\000\040\000\046\000\040\000d\000e\000g\000e\000n\000e\000r\000a\000t\000e\000\040\000r\000e\000p\000r\000e\000s\000e\000n\000t\000a\000t\000i\000o\000n}{section.3}% 14
\BOOKMARK [2][-]{subsection.3.3}{\376\377\000s\000i\000n\000g\000u\000l\000a\000r\000\040\000v\000e\000c\000t\000o\000r\133\130\127\050\166\204\147\141\116\366}{section.3}% 15
\BOOKMARK [2][-]{subsection.3.4}{\376\377\000S\000i\000g\000u\000l\000a\000r\000\040\000v\000e\000c\000t\000o\000r\000\040\000i\000n\000\040\000a\000l\000l\000\040\000l\000e\000v\000e\000l\133\130\127\050\166\204\147\141\116\366}{section.3}% 16
\BOOKMARK [2][-]{subsection.3.5}{\376\377\000U\000n\000i\000t\000a\000r\000y\133\371\164\006\213\272\176\246\147\137}{section.3}% 17
\BOOKMARK [1][-]{section.4}{\376\377\000C\000o\000r\000r\000e\000l\000a\000t\000i\000o\000n\000\040\000f\000u\000n\000c\000t\000i\000o\000n\000\040\000o\000f\000\040\000C\000F\000T}{}% 18
\BOOKMARK [2][-]{subsection.4.1}{\376\377\000F\000i\000e\000l\000d\000s\000\040\000c\000o\000r\000r\000e\000s\000p\000o\000n\000d\000i\000n\000g\000\040\000t\000o\000\040\000t\000h\000e\000\040\000s\000p\000e\000c\000t\000r\000u\000m}{section.4}% 19
\BOOKMARK [2][-]{subsection.4.2}{\376\377\000E\000M\000\040\000T\000e\000n\000s\000o\000r\123\005\124\053\133\371\171\360\140\047\117\341\140\157\166\204\127\072}{section.4}% 20
\BOOKMARK [2][-]{subsection.4.3}{\376\377\000W\000a\000r\000d\000\040\000I\000d\000e\000n\000t\000i\000t\000y\133\371\171\360\140\047\176\246\147\137\147\141\116\366}{section.4}% 21
\BOOKMARK [3][-]{subsubsection.4.3.1}{\376\377\000L\000o\000c\000a\000l\000\040\000W\000I}{subsection.4.3}% 22
\BOOKMARK [3][-]{subsubsection.4.3.2}{\376\377\000G\000l\000o\000b\000a\000l\000\040\000W\000I}{subsection.4.3}% 23
\BOOKMARK [2][-]{subsection.4.4}{\376\377\000G\000l\000o\000b\000a\000l\000\040\000W\000I\133\371\116\216\000p\000r\000i\000m\000a\000r\000y\000\040\000f\000i\000e\000l\000d\121\163\200\124\121\375\145\160\133\371\171\360\140\047\176\246\147\137}{section.4}% 24
\BOOKMARK [2][-]{subsection.4.5}{\376\377\000L\000o\000c\000a\000l\000\040\000W\000I\000\040\133\371\116\216\000p\000r\000i\000m\000a\000r\000y\000\040\000f\000i\000e\000l\000d\000\040\000O\000P\000E\166\204\176\246\147\137}{section.4}% 25
\BOOKMARK [1][-]{section.5}{\376\377\000C\000o\000r\000r\000e\000l\000a\000t\000i\000o\000n\000\040\000f\000u\000n\000c\000t\000i\000o\000n\000\040\000o\000f\000\040\000C\000F\000T\000\050\000d\000e\000g\000e\000n\000e\000r\000a\000t\000e\000\040\000f\000i\000e\000l\000d\000\051}{}% 26
\BOOKMARK [1][-]{section.6}{\376\377\000C\000o\000n\000f\000o\000r\000m\000a\000l\000\040\000B\000l\000o\000c\000k\000\040\000b\000a\000s\000i\000c}{}% 27
\BOOKMARK [1][-]{section.7}{\376\377\000C\000o\000n\000f\000o\000r\000m\000a\000l\000\040\000b\000l\000o\000c\000k\000\040\000a\000n\000d\000\040\000c\000r\000o\000s\000s\000i\000n\000g\000\040\000s\000y\000m\000m\000e\000t\000r\000y}{}% 28
\BOOKMARK [2][-]{subsection.7.1}{\376\377\000C\000o\000n\000f\000o\000r\000m\000a\000l\000\040\000B\000l\000o\000c\000k\000s}{section.7}% 29
\BOOKMARK [3][-]{subsubsection.7.1.1}{\376\377\000q\166\204\0000\226\066\166\204\134\125\137\000\230\171}{subsection.7.1}% 30
\BOOKMARK [3][-]{subsubsection.7.1.2}{\376\377\000q\166\204\232\330\226\066\166\204\134\125\137\000\230\171}{subsection.7.1}% 31
\BOOKMARK [2][-]{subsection.7.2}{\376\377\000d\000e\000r\000i\000v\000i\000n\000g\000\040\000c\000o\000n\000f\000o\000r\000m\000a\000l\000\040\000b\000l\000o\000c\000k}{section.7}% 32
\BOOKMARK [3][-]{subsubsection.7.2.1}{\376\377\0004\000-\000p\000o\000i\000n\000t\000\040\000f\000u\000n\000c\000t\000i\000o\000n\000\040\000c\000o\000n\000f\000o\000r\000m\000a\000l\000\040\000b\000l\000o\000c\000k}{subsection.7.2}% 33
\BOOKMARK [3][-]{subsubsection.7.2.2}{\376\377\000o\000n\000e\000\040\000p\000o\000i\000n\000t\000\040\000f\000u\000n\000c\000t\000i\000o\000n\000\040\000o\000n\000\040\000a\000\040\000t\000o\000r\000u\000s}{subsection.7.2}% 34
