\BOOKMARK [0][-]{chapter.1}{\376\377\000G\000e\000o\000m\000e\000t\000r\000i\000c\000\040\000Q\000u\000a\000n\000t\000i\000z\000a\000t\000i\000o\000n}{}% 1
\BOOKMARK [1][-]{section.1.1}{\376\377\000F\000u\000n\000d\000a\000m\000e\000n\000t\000a\000l\000\040\000S\000y\000m\000p\000l\000e\000t\000i\000c\000\040\000G\000e\000o\000m\000e\000t\000r\000y}{chapter.1}% 2
\BOOKMARK [2][-]{subsection.1.1.1}{\376\377\127\372\170\100\000s\000y\000m\000p\000l\000e\000t\000i\000c\000\040\000g\000e\000o\000m\000e\000t\000r\000y\000\040\000c\000o\000n\000c\000e\000p\000t}{section.1.1}% 3
\BOOKMARK [2][-]{subsection.1.1.2}{\376\377\000S\000y\000m\000p\000l\000e\000t\000i\000c\000\040\000S\000t\000r\000u\000c\000t\000u\000r\000e\000\040\000a\000n\000d\000\040\000H\000a\000m\000i\000l\000t\000o\000n\000i\000a\000n\000\040\000M\000e\000c\000h\000a\000n\000i\000c\000s}{section.1.1}% 4
\BOOKMARK [2][-]{subsection.1.1.3}{\376\377\000Q\000u\000e\000s\000t\000i\000o\000n\000s\000\040\000a\000n\000d\000\040\000t\000h\000o\000u\000g\000h\000t}{section.1.1}% 5
\BOOKMARK [0][-]{chapter.2}{\376\377\000Q\000u\000a\000n\000t\000i\000z\000a\000t\000i\000o\000n\000\040\000o\000f\000\040\000T\000e\000i\000c\000h\000m\000u\000l\000l\000e\000r\000\040\000T\000h\000e\000o\000r\000y\000\040\000a\000n\000d\000\040\000C\000F\000T}{}% 6
\BOOKMARK [1][-]{subsection.2.0.1}{\376\377\131\202\117\125\221\317\133\120\123\026\000T\000e\000i\000c\000h\000m\000u\000l\000l\000e\000r\172\172\225\364}{chapter.2}% 7
\BOOKMARK [0][-]{chapter.3}{\376\377\000S\000u\000p\000:\000\040\000C\000o\000m\000p\000l\000e\000x\000\040\000G\000e\000o\000m\000e\000t\000r\000y}{}% 8
\BOOKMARK [1][-]{section.3.1}{\376\377\127\372\170\100\166\204\131\015\121\340\117\125\166\204\151\202\137\365}{chapter.3}% 9
\BOOKMARK [2][-]{subsection.3.1.1}{\376\377\236\316\146\374\146\362\227\142\127\372\170\100}{section.3.1}% 10
\BOOKMARK [1][-]{section.3.2}{\376\377\236\316\146\374\146\362\227\142\166\204\155\101\137\142\176\323\147\204}{chapter.3}% 11
\BOOKMARK [2][-]{subsection.3.2.1}{\376\377\236\316\146\374\146\362\227\142\166\204\146\362\163\207\176\323\147\204}{section.3.2}% 12
\BOOKMARK [1][-]{section.3.3}{\376\377\000T\000o\000r\000u\000s\116\012\227\142\166\204\000T\000e\000i\000c\000h\000m\000u\000l\000l\000e\000r\000\040\000S\000p\000a\000c\000e}{chapter.3}% 13
\BOOKMARK [1][-]{section.3.4}{\376\377\000T\000e\000i\000c\000h\000m\000u\000l\000l\000e\000r\000\040\000t\000h\000e\000o\000r\000y\166\204\127\372\147\054\133\232\116\111}{chapter.3}% 14
\BOOKMARK [1][-]{section.3.5}{\376\377\000T\000e\000i\000c\000h\000m\000u\000l\000l\000e\000r\000\040\000t\000h\000e\000o\000r\000y}{chapter.3}% 15
\BOOKMARK [0][-]{chapter.4}{\376\377\000S\000u\000p\000:\000\040\000C\000h\000e\000r\000n\000-\000S\000i\000m\000o\000n\000s\000\040\000o\000f\000\040\000C\000l\000a\000s\000s\000i\000c\000a\000l\000\040\000G\000r\000a\000v\000i\000t\000y}{}% 16
\BOOKMARK [1][-]{section.4.1}{\376\377\000V\000i\000e\000l\000b\000e\000i\000n\000\040\000a\000n\000d\000\040\000s\000p\000i\000n\000\040\000c\000o\000n\000n\000e\000c\000t\000i\000o\000n\000\040\000F\000o\000r\000m\000a\000l\000i\000s\000m}{chapter.4}% 17
\BOOKMARK [2][-]{subsection.4.1.1}{\376\377\000E\000i\000n\000s\000t\000e\000i\000n\000\040\000H\000i\000l\000b\000e\000r\000t\000\040\000A\000c\000t\000i\000o\000n}{section.4.1}% 18
\BOOKMARK [2][-]{subsection.4.1.2}{\376\377\000C\000h\000e\000r\000n\000-\000S\000i\000m\000o\000n\000s\000\040\000T\000h\000e\000o\000r\000y}{section.4.1}% 19
\BOOKMARK [0][-]{chapter.5}{\376\377\000S\000c\000r\000a\000t\000c\000h\000\040\000B\000o\000o\000k}{}% 20
